Analysis & Synthesis report for ultrasonic
Thu May 04 18:55:29 2017
Quartus II 64-Bit Version 13.1.0 Build 162 10/23/2013 SJ Web Edition


---------------------
; Table of Contents ;
---------------------
  1. Legal Notice
  2. Analysis & Synthesis Summary
  3. Analysis & Synthesis Settings
  4. Parallel Compilation
  5. Analysis & Synthesis Source Files Read
  6. Analysis & Synthesis Resource Usage Summary
  7. Analysis & Synthesis Resource Utilization by Entity
  8. State Machine - |ultrasonic|LCD:LCD_BOX|lcd16x2_ctrl:LCD|op_state
  9. State Machine - |ultrasonic|LCD:LCD_BOX|lcd16x2_ctrl:LCD|state
 10. State Machine - |ultrasonic|tx:SEND_RX|state
 11. State Machine - |ultrasonic|mux_n_to_8:GET_DATA|state
 12. State Machine - |ultrasonic|trigger:GEN_TRIGGER|state
 13. State Machine - |ultrasonic|rx:GET_TX|state
 14. Registers Removed During Synthesis
 15. General Register Statistics
 16. Inverted Register Statistics
 17. Multiplexer Restructuring Statistics (Restructuring Performed)
 18. Parameter Settings for User Entity Instance: Top-level Entity: |ultrasonic
 19. Parameter Settings for User Entity Instance: rx:GET_TX
 20. Parameter Settings for User Entity Instance: mux_n_to_8:GET_DATA
 21. Parameter Settings for User Entity Instance: tx:SEND_RX
 22. Parameter Settings for User Entity Instance: LCD:LCD_BOX
 23. Parameter Settings for User Entity Instance: LCD:LCD_BOX|lcd16x2_ctrl:LCD
 24. Port Connectivity Checks: "LCD:LCD_BOX|lcd16x2_ctrl:LCD"
 25. Elapsed Time Per Partition
 26. Analysis & Synthesis Messages



----------------
; Legal Notice ;
----------------
Copyright (C) 1991-2013 Altera Corporation
Your use of Altera Corporation's design tools, logic functions 
and other software and tools, and its AMPP partner logic 
functions, and any output files from any of the foregoing 
(including device programming or simulation files), and any 
associated documentation or information are expressly subject 
to the terms and conditions of the Altera Program License 
Subscription Agreement, Altera MegaCore Function License 
Agreement, or other applicable license agreement, including, 
without limitation, that your use is for the sole purpose of 
programming logic devices manufactured by Altera and sold by 
Altera or its authorized distributors.  Please refer to the 
applicable agreement for further details.



+---------------------------------------------------------------------------------+
; Analysis & Synthesis Summary                                                    ;
+------------------------------------+--------------------------------------------+
; Analysis & Synthesis Status        ; Successful - Thu May 04 18:55:29 2017      ;
; Quartus II 64-Bit Version          ; 13.1.0 Build 162 10/23/2013 SJ Web Edition ;
; Revision Name                      ; ultrasonic                                 ;
; Top-level Entity Name              ; ultrasonic                                 ;
; Family                             ; Cyclone III                                ;
; Total logic elements               ; 628                                        ;
;     Total combinational functions  ; 607                                        ;
;     Dedicated logic registers      ; 336                                        ;
; Total registers                    ; 336                                        ;
; Total pins                         ; 16                                         ;
; Total virtual pins                 ; 0                                          ;
; Total memory bits                  ; 0                                          ;
; Embedded Multiplier 9-bit elements ; 0                                          ;
; Total PLLs                         ; 0                                          ;
+------------------------------------+--------------------------------------------+


+----------------------------------------------------------------------------------------------------------------------+
; Analysis & Synthesis Settings                                                                                        ;
+----------------------------------------------------------------------------+--------------------+--------------------+
; Option                                                                     ; Setting            ; Default Value      ;
+----------------------------------------------------------------------------+--------------------+--------------------+
; Device                                                                     ; EP3C10E144C8       ;                    ;
; Top-level entity name                                                      ; ultrasonic         ; ultrasonic         ;
; Family name                                                                ; Cyclone III        ; Cyclone IV GX      ;
; Use smart compilation                                                      ; Off                ; Off                ;
; Enable parallel Assembler and TimeQuest Timing Analyzer during compilation ; On                 ; On                 ;
; Enable compact report table                                                ; Off                ; Off                ;
; Restructure Multiplexers                                                   ; Auto               ; Auto               ;
; Create Debugging Nodes for IP Cores                                        ; Off                ; Off                ;
; Preserve fewer node names                                                  ; On                 ; On                 ;
; Disable OpenCore Plus hardware evaluation                                  ; Off                ; Off                ;
; Verilog Version                                                            ; Verilog_2001       ; Verilog_2001       ;
; VHDL Version                                                               ; VHDL_1993          ; VHDL_1993          ;
; State Machine Processing                                                   ; Auto               ; Auto               ;
; Safe State Machine                                                         ; Off                ; Off                ;
; Extract Verilog State Machines                                             ; On                 ; On                 ;
; Extract VHDL State Machines                                                ; On                 ; On                 ;
; Ignore Verilog initial constructs                                          ; Off                ; Off                ;
; Iteration limit for constant Verilog loops                                 ; 5000               ; 5000               ;
; Iteration limit for non-constant Verilog loops                             ; 250                ; 250                ;
; Add Pass-Through Logic to Inferred RAMs                                    ; On                 ; On                 ;
; Infer RAMs from Raw Logic                                                  ; On                 ; On                 ;
; Parallel Synthesis                                                         ; On                 ; On                 ;
; DSP Block Balancing                                                        ; Auto               ; Auto               ;
; NOT Gate Push-Back                                                         ; On                 ; On                 ;
; Power-Up Don't Care                                                        ; On                 ; On                 ;
; Remove Redundant Logic Cells                                               ; Off                ; Off                ;
; Remove Duplicate Registers                                                 ; On                 ; On                 ;
; Ignore CARRY Buffers                                                       ; Off                ; Off                ;
; Ignore CASCADE Buffers                                                     ; Off                ; Off                ;
; Ignore GLOBAL Buffers                                                      ; Off                ; Off                ;
; Ignore ROW GLOBAL Buffers                                                  ; Off                ; Off                ;
; Ignore LCELL Buffers                                                       ; Off                ; Off                ;
; Ignore SOFT Buffers                                                        ; On                 ; On                 ;
; Limit AHDL Integers to 32 Bits                                             ; Off                ; Off                ;
; Optimization Technique                                                     ; Balanced           ; Balanced           ;
; Carry Chain Length                                                         ; 70                 ; 70                 ;
; Auto Carry Chains                                                          ; On                 ; On                 ;
; Auto Open-Drain Pins                                                       ; On                 ; On                 ;
; Perform WYSIWYG Primitive Resynthesis                                      ; Off                ; Off                ;
; Auto ROM Replacement                                                       ; On                 ; On                 ;
; Auto RAM Replacement                                                       ; On                 ; On                 ;
; Auto DSP Block Replacement                                                 ; On                 ; On                 ;
; Auto Shift Register Replacement                                            ; Auto               ; Auto               ;
; Allow Shift Register Merging across Hierarchies                            ; Auto               ; Auto               ;
; Auto Clock Enable Replacement                                              ; On                 ; On                 ;
; Strict RAM Replacement                                                     ; Off                ; Off                ;
; Allow Synchronous Control Signals                                          ; On                 ; On                 ;
; Force Use of Synchronous Clear Signals                                     ; Off                ; Off                ;
; Auto RAM Block Balancing                                                   ; On                 ; On                 ;
; Auto RAM to Logic Cell Conversion                                          ; Off                ; Off                ;
; Auto Resource Sharing                                                      ; Off                ; Off                ;
; Allow Any RAM Size For Recognition                                         ; Off                ; Off                ;
; Allow Any ROM Size For Recognition                                         ; Off                ; Off                ;
; Allow Any Shift Register Size For Recognition                              ; Off                ; Off                ;
; Use LogicLock Constraints during Resource Balancing                        ; On                 ; On                 ;
; Ignore translate_off and synthesis_off directives                          ; Off                ; Off                ;
; Timing-Driven Synthesis                                                    ; On                 ; On                 ;
; Report Parameter Settings                                                  ; On                 ; On                 ;
; Report Source Assignments                                                  ; On                 ; On                 ;
; Report Connectivity Checks                                                 ; On                 ; On                 ;
; Ignore Maximum Fan-Out Assignments                                         ; Off                ; Off                ;
; Synchronization Register Chain Length                                      ; 2                  ; 2                  ;
; PowerPlay Power Optimization                                               ; Normal compilation ; Normal compilation ;
; HDL message level                                                          ; Level2             ; Level2             ;
; Suppress Register Optimization Related Messages                            ; Off                ; Off                ;
; Number of Removed Registers Reported in Synthesis Report                   ; 5000               ; 5000               ;
; Number of Swept Nodes Reported in Synthesis Report                         ; 5000               ; 5000               ;
; Number of Inverted Registers Reported in Synthesis Report                  ; 100                ; 100                ;
; Clock MUX Protection                                                       ; On                 ; On                 ;
; Auto Gated Clock Conversion                                                ; Off                ; Off                ;
; Block Design Naming                                                        ; Auto               ; Auto               ;
; SDC constraint protection                                                  ; Off                ; Off                ;
; Synthesis Effort                                                           ; Auto               ; Auto               ;
; Shift Register Replacement - Allow Asynchronous Clear Signal               ; On                 ; On                 ;
; Pre-Mapping Resynthesis Optimization                                       ; Off                ; Off                ;
; Analysis & Synthesis Message Level                                         ; Medium             ; Medium             ;
; Disable Register Merging Across Hierarchies                                ; Auto               ; Auto               ;
; Resource Aware Inference For Block RAM                                     ; On                 ; On                 ;
; Synthesis Seed                                                             ; 1                  ; 1                  ;
+----------------------------------------------------------------------------+--------------------+--------------------+


Parallel compilation was disabled, but you have multiple processors available. Enable parallel compilation to reduce compilation time.
+-------------------------------------+
; Parallel Compilation                ;
+----------------------------+--------+
; Processors                 ; Number ;
+----------------------------+--------+
; Number detected on machine ; 8      ;
; Maximum allowed            ; 1      ;
+----------------------------+--------+


+----------------------------------------------------------------------------------------------------------------------------------------------------+
; Analysis & Synthesis Source Files Read                                                                                                             ;
+----------------------------------+-----------------+-----------------+-------------------------------------------------------------------+---------+
; File Name with User-Entered Path ; Used in Netlist ; File Type       ; File Name with Absolute Path                                      ; Library ;
+----------------------------------+-----------------+-----------------+-------------------------------------------------------------------+---------+
; LCD16X2_CTRL.vhd                 ; yes             ; User VHDL File  ; C:/Users/USER/Desktop/highlevel/miniproject/LCD16X2_CTRL.vhd      ;         ;
; FREQUENCY_DIVIDER.vhd            ; yes             ; User VHDL File  ; C:/Users/USER/Desktop/highlevel/miniproject/FREQUENCY_DIVIDER.vhd ;         ;
; BUFFER_COUNT.vhd                 ; yes             ; User VHDL File  ; C:/Users/USER/Desktop/highlevel/miniproject/BUFFER_COUNT.vhd      ;         ;
; mux_n_to_8.vhd                   ; yes             ; User VHDL File  ; C:/Users/USER/Desktop/highlevel/miniproject/mux_n_to_8.vhd        ;         ;
; tx.vhd                           ; yes             ; User VHDL File  ; C:/Users/USER/Desktop/highlevel/miniproject/tx.vhd                ;         ;
; rx.vhd                           ; yes             ; User VHDL File  ; C:/Users/USER/Desktop/highlevel/miniproject/rx.vhd                ;         ;
; trigger.vhd                      ; yes             ; User VHDL File  ; C:/Users/USER/Desktop/highlevel/miniproject/trigger.vhd           ;         ;
; echo.vhd                         ; yes             ; User VHDL File  ; C:/Users/USER/Desktop/highlevel/miniproject/echo.vhd              ;         ;
; ultrasonic.vhd                   ; yes             ; User VHDL File  ; C:/Users/USER/Desktop/highlevel/miniproject/ultrasonic.vhd        ;         ;
+----------------------------------+-----------------+-----------------+-------------------------------------------------------------------+---------+


+---------------------------------------------------------+
; Analysis & Synthesis Resource Usage Summary             ;
+---------------------------------------------+-----------+
; Resource                                    ; Usage     ;
+---------------------------------------------+-----------+
; Estimated Total logic elements              ; 628       ;
;                                             ;           ;
; Total combinational functions               ; 607       ;
; Logic element usage by number of LUT inputs ;           ;
;     -- 4 input functions                    ; 260       ;
;     -- 3 input functions                    ; 65        ;
;     -- <=2 input functions                  ; 282       ;
;                                             ;           ;
; Logic elements by mode                      ;           ;
;     -- normal mode                          ; 417       ;
;     -- arithmetic mode                      ; 190       ;
;                                             ;           ;
; Total registers                             ; 336       ;
;     -- Dedicated logic registers            ; 336       ;
;     -- I/O registers                        ; 0         ;
;                                             ;           ;
; I/O pins                                    ; 16        ;
; Embedded Multiplier 9-bit elements          ; 0         ;
; Maximum fan-out node                        ; clk~input ;
; Maximum fan-out                             ; 312       ;
; Total fan-out                               ; 2897      ;
; Average fan-out                             ; 2.97      ;
+---------------------------------------------+-----------+


+------------------------------------------------------------------------------------------------------------------------------------------------------------------------------------------------------------------+
; Analysis & Synthesis Resource Utilization by Entity                                                                                                                                                              ;
+-----------------------------------+-------------------+--------------+-------------+--------------+---------+-----------+------+--------------+---------------------------------------------------+--------------+
; Compilation Hierarchy Node        ; LC Combinationals ; LC Registers ; Memory Bits ; DSP Elements ; DSP 9x9 ; DSP 18x18 ; Pins ; Virtual Pins ; Full Hierarchy Name                               ; Library Name ;
+-----------------------------------+-------------------+--------------+-------------+--------------+---------+-----------+------+--------------+---------------------------------------------------+--------------+
; |ultrasonic                       ; 607 (1)           ; 336 (0)      ; 0           ; 0            ; 0       ; 0         ; 16   ; 0            ; |ultrasonic                                       ; work         ;
;    |LCD:LCD_BOX|                  ; 234 (32)          ; 89 (24)      ; 0           ; 0            ; 0       ; 0         ; 0    ; 0            ; |ultrasonic|LCD:LCD_BOX                           ; work         ;
;       |frequency_divider:DIVIDER| ; 45 (45)           ; 25 (25)      ; 0           ; 0            ; 0       ; 0         ; 0    ; 0            ; |ultrasonic|LCD:LCD_BOX|frequency_divider:DIVIDER ; work         ;
;       |lcd16x2_ctrl:LCD|          ; 157 (157)         ; 40 (40)      ; 0           ; 0            ; 0       ; 0         ; 0    ; 0            ; |ultrasonic|LCD:LCD_BOX|lcd16x2_ctrl:LCD          ; work         ;
;    |echo:\SEND_DATA:0:SEND_DATA|  ; 40 (40)           ; 31 (31)      ; 0           ; 0            ; 0       ; 0         ; 0    ; 0            ; |ultrasonic|echo:\SEND_DATA:0:SEND_DATA           ; work         ;
;    |echo:\SEND_DATA:1:SEND_DATA|  ; 40 (40)           ; 31 (31)      ; 0           ; 0            ; 0       ; 0         ; 0    ; 0            ; |ultrasonic|echo:\SEND_DATA:1:SEND_DATA           ; work         ;
;    |echo:\SEND_DATA:2:SEND_DATA|  ; 40 (40)           ; 31 (31)      ; 0           ; 0            ; 0       ; 0         ; 0    ; 0            ; |ultrasonic|echo:\SEND_DATA:2:SEND_DATA           ; work         ;
;    |mux_n_to_8:GET_DATA|          ; 65 (65)           ; 43 (43)      ; 0           ; 0            ; 0       ; 0         ; 0    ; 0            ; |ultrasonic|mux_n_to_8:GET_DATA                   ; work         ;
;    |rx:GET_TX|                    ; 68 (68)           ; 37 (37)      ; 0           ; 0            ; 0       ; 0         ; 0    ; 0            ; |ultrasonic|rx:GET_TX                             ; work         ;
;    |trigger:GEN_TRIGGER|          ; 67 (67)           ; 44 (44)      ; 0           ; 0            ; 0       ; 0         ; 0    ; 0            ; |ultrasonic|trigger:GEN_TRIGGER                   ; work         ;
;    |tx:SEND_RX|                   ; 52 (52)           ; 30 (30)      ; 0           ; 0            ; 0       ; 0         ; 0    ; 0            ; |ultrasonic|tx:SEND_RX                            ; work         ;
+-----------------------------------+-------------------+--------------+-------------+--------------+---------+-----------+------+--------------+---------------------------------------------------+--------------+
Note: For table entries with two numbers listed, the numbers in parentheses indicate the number of resources of the given type used by the specific entity alone. The numbers listed outside of parentheses indicate the total resources of the given type used by the specific entity and all of its sub-entities in the hierarchy.


Encoding Type:  One-Hot
+---------------------------------------------------------------------------------------------------------------------------------------------------------------------------------------------------------------------------------------------+
; State Machine - |ultrasonic|LCD:LCD_BOX|lcd16x2_ctrl:LCD|op_state                                                                                                                                                                           ;
+-----------------------+---------------+-----------------------+----------------------+-------------------+-----------------------+-----------------------+----------------------+-------------------+-----------------------+---------------+
; Name                  ; op_state.DONE ; op_state.WAIT_DELAY_L ; op_state.WAIT_HOLD_L ; op_state.ENABLE_L ; op_state.WAIT_SETUP_L ; op_state.WAIT_DELAY_H ; op_state.WAIT_HOLD_H ; op_state.ENABLE_H ; op_state.WAIT_SETUP_H ; op_state.IDLE ;
+-----------------------+---------------+-----------------------+----------------------+-------------------+-----------------------+-----------------------+----------------------+-------------------+-----------------------+---------------+
; op_state.IDLE         ; 0             ; 0                     ; 0                    ; 0                 ; 0                     ; 0                     ; 0                    ; 0                 ; 0                     ; 0             ;
; op_state.WAIT_SETUP_H ; 0             ; 0                     ; 0                    ; 0                 ; 0                     ; 0                     ; 0                    ; 0                 ; 1                     ; 1             ;
; op_state.ENABLE_H     ; 0             ; 0                     ; 0                    ; 0                 ; 0                     ; 0                     ; 0                    ; 1                 ; 0                     ; 1             ;
; op_state.WAIT_HOLD_H  ; 0             ; 0                     ; 0                    ; 0                 ; 0                     ; 0                     ; 1                    ; 0                 ; 0                     ; 1             ;
; op_state.WAIT_DELAY_H ; 0             ; 0                     ; 0                    ; 0                 ; 0                     ; 1                     ; 0                    ; 0                 ; 0                     ; 1             ;
; op_state.WAIT_SETUP_L ; 0             ; 0                     ; 0                    ; 0                 ; 1                     ; 0                     ; 0                    ; 0                 ; 0                     ; 1             ;
; op_state.ENABLE_L     ; 0             ; 0                     ; 0                    ; 1                 ; 0                     ; 0                     ; 0                    ; 0                 ; 0                     ; 1             ;
; op_state.WAIT_HOLD_L  ; 0             ; 0                     ; 1                    ; 0                 ; 0                     ; 0                     ; 0                    ; 0                 ; 0                     ; 1             ;
; op_state.WAIT_DELAY_L ; 0             ; 1                     ; 0                    ; 0                 ; 0                     ; 0                     ; 0                    ; 0                 ; 0                     ; 1             ;
; op_state.DONE         ; 1             ; 0                     ; 0                    ; 0                 ; 0                     ; 0                     ; 0                    ; 0                 ; 0                     ; 1             ;
+-----------------------+---------------+-----------------------+----------------------+-------------------+-----------------------+-----------------------+----------------------+-------------------+-----------------------+---------------+


Encoding Type:  One-Hot
+-----------------------------------------------------------------------------------------------------------------------------------+
; State Machine - |ultrasonic|LCD:LCD_BOX|lcd16x2_ctrl:LCD|state                                                                    ;
+--------------------+-------------------+--------------------+-------------------+--------------------+--------------+-------------+
; Name               ; state.WRITE_LINE2 ; state.SELECT_LINE2 ; state.WRITE_LINE1 ; state.SELECT_LINE1 ; state.CONFIG ; state.RESET ;
+--------------------+-------------------+--------------------+-------------------+--------------------+--------------+-------------+
; state.RESET        ; 0                 ; 0                  ; 0                 ; 0                  ; 0            ; 0           ;
; state.CONFIG       ; 0                 ; 0                  ; 0                 ; 0                  ; 1            ; 1           ;
; state.SELECT_LINE1 ; 0                 ; 0                  ; 0                 ; 1                  ; 0            ; 1           ;
; state.WRITE_LINE1  ; 0                 ; 0                  ; 1                 ; 0                  ; 0            ; 1           ;
; state.SELECT_LINE2 ; 0                 ; 1                  ; 0                 ; 0                  ; 0            ; 1           ;
; state.WRITE_LINE2  ; 1                 ; 0                  ; 0                 ; 0                  ; 0            ; 1           ;
+--------------------+-------------------+--------------------+-------------------+--------------------+--------------+-------------+


Encoding Type:  One-Hot
+----------------------------------------------------------------------------------------------------------+
; State Machine - |ultrasonic|tx:SEND_RX|state                                                             ;
+----------------------+---------------------+-----------------+----------------------+--------------------+
; Name                 ; state.SEND_STOP_BIT ; state.SEND_BITS ; state.SEND_START_BIT ; state.WAIT_FOR_REQ ;
+----------------------+---------------------+-----------------+----------------------+--------------------+
; state.WAIT_FOR_REQ   ; 0                   ; 0               ; 0                    ; 0                  ;
; state.SEND_START_BIT ; 0                   ; 0               ; 1                    ; 1                  ;
; state.SEND_BITS      ; 0                   ; 1               ; 0                    ; 1                  ;
; state.SEND_STOP_BIT  ; 1                   ; 0               ; 0                    ; 1                  ;
+----------------------+---------------------+-----------------+----------------------+--------------------+


Encoding Type:  One-Hot
+------------------------------------------------------------------------------------------+
; State Machine - |ultrasonic|mux_n_to_8:GET_DATA|state                                    ;
+--------------------+-------------+-----------------+--------------------+----------------+
; Name               ; state.DELAY ; state.SEND_DATA ; state.CHECK_NUMBER ; state.WAIT_REQ ;
+--------------------+-------------+-----------------+--------------------+----------------+
; state.WAIT_REQ     ; 0           ; 0               ; 0                  ; 0              ;
; state.CHECK_NUMBER ; 0           ; 0               ; 1                  ; 1              ;
; state.SEND_DATA    ; 0           ; 1               ; 0                  ; 1              ;
; state.DELAY        ; 1           ; 0               ; 0                  ; 1              ;
+--------------------+-------------+-----------------+--------------------+----------------+


Encoding Type:  One-Hot
+----------------------------------------------------------------------------------------------------+
; State Machine - |ultrasonic|trigger:GEN_TRIGGER|state                                              ;
+---------------------+---------------------+-------------------+------------------+-----------------+
; Name                ; state.DELAY_TRIGGER ; state.GEN_TRIGGER ; state.CHECK_DATA ; state.WAIT_DATA ;
+---------------------+---------------------+-------------------+------------------+-----------------+
; state.WAIT_DATA     ; 0                   ; 0                 ; 0                ; 0               ;
; state.CHECK_DATA    ; 0                   ; 0                 ; 1                ; 1               ;
; state.GEN_TRIGGER   ; 0                   ; 1                 ; 0                ; 1               ;
; state.DELAY_TRIGGER ; 1                   ; 0                 ; 0                ; 1               ;
+---------------------+---------------------+-------------------+------------------+-----------------+


Encoding Type:  One-Hot
+------------------------------------------------------------------------------------------------------------------------+
; State Machine - |ultrasonic|rx:GET_TX|state                                                                            ;
+-------------------------+-------------------------+--------------------+---------------------+-------------------------+
; Name                    ; state.WAIT_FOR_STOP_BIT ; state.RECEIVE_BITS ; state.WAIT_HALF_BIT ; state.WAIT_FOR_RX_START ;
+-------------------------+-------------------------+--------------------+---------------------+-------------------------+
; state.WAIT_FOR_RX_START ; 0                       ; 0                  ; 0                   ; 0                       ;
; state.WAIT_HALF_BIT     ; 0                       ; 0                  ; 1                   ; 1                       ;
; state.RECEIVE_BITS      ; 0                       ; 1                  ; 0                   ; 1                       ;
; state.WAIT_FOR_STOP_BIT ; 1                       ; 0                  ; 0                   ; 1                       ;
+-------------------------+-------------------------+--------------------+---------------------+-------------------------+


+----------------------------------------------------------------------------------+
; Registers Removed During Synthesis                                               ;
+-----------------------------------------+----------------------------------------+
; Register name                           ; Reason for Removal                     ;
+-----------------------------------------+----------------------------------------+
; LCD:LCD_BOX|LINE2[4..7,12..15,20..28]   ; Stuck at GND due to stuck port data_in ;
; LCD:LCD_BOX|LINE2[29]                   ; Stuck at VCC due to stuck port data_in ;
; LCD:LCD_BOX|LINE2[30..32]               ; Stuck at GND due to stuck port data_in ;
; LCD:LCD_BOX|LINE2[33]                   ; Stuck at VCC due to stuck port data_in ;
; LCD:LCD_BOX|LINE2[34]                   ; Stuck at GND due to stuck port data_in ;
; LCD:LCD_BOX|LINE2[35..37]               ; Stuck at VCC due to stuck port data_in ;
; LCD:LCD_BOX|LINE2[38..44]               ; Stuck at GND due to stuck port data_in ;
; LCD:LCD_BOX|LINE2[45]                   ; Stuck at VCC due to stuck port data_in ;
; LCD:LCD_BOX|LINE2[46..49]               ; Stuck at GND due to stuck port data_in ;
; LCD:LCD_BOX|LINE2[50]                   ; Stuck at VCC due to stuck port data_in ;
; LCD:LCD_BOX|LINE2[51]                   ; Stuck at GND due to stuck port data_in ;
; LCD:LCD_BOX|LINE2[52]                   ; Stuck at VCC due to stuck port data_in ;
; LCD:LCD_BOX|LINE2[53]                   ; Stuck at GND due to stuck port data_in ;
; LCD:LCD_BOX|LINE2[54]                   ; Stuck at VCC due to stuck port data_in ;
; LCD:LCD_BOX|LINE2[55..57]               ; Stuck at GND due to stuck port data_in ;
; LCD:LCD_BOX|LINE2[58,59]                ; Stuck at VCC due to stuck port data_in ;
; LCD:LCD_BOX|LINE2[60,61]                ; Stuck at GND due to stuck port data_in ;
; LCD:LCD_BOX|LINE2[62]                   ; Stuck at VCC due to stuck port data_in ;
; LCD:LCD_BOX|LINE2[63]                   ; Stuck at GND due to stuck port data_in ;
; LCD:LCD_BOX|LINE2[64]                   ; Stuck at VCC due to stuck port data_in ;
; LCD:LCD_BOX|LINE2[65]                   ; Stuck at GND due to stuck port data_in ;
; LCD:LCD_BOX|LINE2[66]                   ; Stuck at VCC due to stuck port data_in ;
; LCD:LCD_BOX|LINE2[67]                   ; Stuck at GND due to stuck port data_in ;
; LCD:LCD_BOX|LINE2[68]                   ; Stuck at VCC due to stuck port data_in ;
; LCD:LCD_BOX|LINE2[69]                   ; Stuck at GND due to stuck port data_in ;
; LCD:LCD_BOX|LINE2[70]                   ; Stuck at VCC due to stuck port data_in ;
; LCD:LCD_BOX|LINE2[71..76]               ; Stuck at GND due to stuck port data_in ;
; LCD:LCD_BOX|LINE2[77]                   ; Stuck at VCC due to stuck port data_in ;
; LCD:LCD_BOX|LINE2[78..80]               ; Stuck at GND due to stuck port data_in ;
; LCD:LCD_BOX|LINE2[81]                   ; Stuck at VCC due to stuck port data_in ;
; LCD:LCD_BOX|LINE2[82,83]                ; Stuck at GND due to stuck port data_in ;
; LCD:LCD_BOX|LINE2[84]                   ; Stuck at VCC due to stuck port data_in ;
; LCD:LCD_BOX|LINE2[85]                   ; Stuck at GND due to stuck port data_in ;
; LCD:LCD_BOX|LINE2[86]                   ; Stuck at VCC due to stuck port data_in ;
; LCD:LCD_BOX|LINE2[87]                   ; Stuck at GND due to stuck port data_in ;
; LCD:LCD_BOX|LINE2[88]                   ; Stuck at VCC due to stuck port data_in ;
; LCD:LCD_BOX|LINE2[89]                   ; Stuck at GND due to stuck port data_in ;
; LCD:LCD_BOX|LINE2[90]                   ; Stuck at VCC due to stuck port data_in ;
; LCD:LCD_BOX|LINE2[91..93]               ; Stuck at GND due to stuck port data_in ;
; LCD:LCD_BOX|LINE2[94]                   ; Stuck at VCC due to stuck port data_in ;
; LCD:LCD_BOX|LINE2[95,96]                ; Stuck at GND due to stuck port data_in ;
; LCD:LCD_BOX|LINE2[97]                   ; Stuck at VCC due to stuck port data_in ;
; LCD:LCD_BOX|LINE2[98..101]              ; Stuck at GND due to stuck port data_in ;
; LCD:LCD_BOX|LINE2[102]                  ; Stuck at VCC due to stuck port data_in ;
; LCD:LCD_BOX|LINE2[103]                  ; Stuck at GND due to stuck port data_in ;
; LCD:LCD_BOX|LINE2[104]                  ; Stuck at VCC due to stuck port data_in ;
; LCD:LCD_BOX|LINE2[105]                  ; Stuck at GND due to stuck port data_in ;
; LCD:LCD_BOX|LINE2[106,107]              ; Stuck at VCC due to stuck port data_in ;
; LCD:LCD_BOX|LINE2[108,109]              ; Stuck at GND due to stuck port data_in ;
; LCD:LCD_BOX|LINE2[110]                  ; Stuck at VCC due to stuck port data_in ;
; LCD:LCD_BOX|LINE2[111]                  ; Stuck at GND due to stuck port data_in ;
; LCD:LCD_BOX|LINE2[112]                  ; Stuck at VCC due to stuck port data_in ;
; LCD:LCD_BOX|LINE2[113]                  ; Stuck at GND due to stuck port data_in ;
; LCD:LCD_BOX|LINE2[114]                  ; Stuck at VCC due to stuck port data_in ;
; LCD:LCD_BOX|LINE2[115]                  ; Stuck at GND due to stuck port data_in ;
; LCD:LCD_BOX|LINE2[116]                  ; Stuck at VCC due to stuck port data_in ;
; LCD:LCD_BOX|LINE2[117]                  ; Stuck at GND due to stuck port data_in ;
; LCD:LCD_BOX|LINE2[118]                  ; Stuck at VCC due to stuck port data_in ;
; LCD:LCD_BOX|LINE2[119,120]              ; Stuck at GND due to stuck port data_in ;
; LCD:LCD_BOX|LINE2[121..123]             ; Stuck at VCC due to stuck port data_in ;
; LCD:LCD_BOX|LINE2[124,125]              ; Stuck at GND due to stuck port data_in ;
; LCD:LCD_BOX|LINE2[126]                  ; Stuck at VCC due to stuck port data_in ;
; LCD:LCD_BOX|LINE2[127]                  ; Stuck at GND due to stuck port data_in ;
; Total Number of Removed Registers = 116 ;                                        ;
+-----------------------------------------+----------------------------------------+


+------------------------------------------------------+
; General Register Statistics                          ;
+----------------------------------------------+-------+
; Statistic                                    ; Value ;
+----------------------------------------------+-------+
; Total registers                              ; 336   ;
; Number of registers using Synchronous Clear  ; 156   ;
; Number of registers using Synchronous Load   ; 19    ;
; Number of registers using Asynchronous Clear ; 0     ;
; Number of registers using Asynchronous Load  ; 0     ;
; Number of registers using Clock Enable       ; 231   ;
; Number of registers using Preset             ; 0     ;
+----------------------------------------------+-------+


+--------------------------------------------------+
; Inverted Register Statistics                     ;
+----------------------------------------+---------+
; Inverted Register                      ; Fan out ;
+----------------------------------------+---------+
; mux_n_to_8:GET_DATA|data_out[0]        ; 1       ;
; mux_n_to_8:GET_DATA|data_out[5]        ; 1       ;
; mux_n_to_8:GET_DATA|data_out[6]        ; 1       ;
; Total number of inverted registers = 3 ;         ;
+----------------------------------------+---------+


+------------------------------------------------------------------------------------------------------------------------------------------------------------------------+
; Multiplexer Restructuring Statistics (Restructuring Performed)                                                                                                         ;
+--------------------+-----------+---------------+----------------------+------------------------+------------+----------------------------------------------------------+
; Multiplexer Inputs ; Bus Width ; Baseline Area ; Area if Restructured ; Saving if Restructured ; Registered ; Example Multiplexer Output                               ;
+--------------------+-----------+---------------+----------------------+------------------------+------------+----------------------------------------------------------+
; 5:1                ; 9 bits    ; 27 LEs        ; 9 LEs                ; 18 LEs                 ; Yes        ; |ultrasonic|echo:\SEND_DATA:0:SEND_DATA|counter_pulse[5] ;
; 5:1                ; 9 bits    ; 27 LEs        ; 9 LEs                ; 18 LEs                 ; Yes        ; |ultrasonic|echo:\SEND_DATA:1:SEND_DATA|counter_pulse[6] ;
; 5:1                ; 9 bits    ; 27 LEs        ; 9 LEs                ; 18 LEs                 ; Yes        ; |ultrasonic|echo:\SEND_DATA:2:SEND_DATA|counter_pulse[7] ;
; 5:1                ; 5 bits    ; 15 LEs        ; 10 LEs               ; 5 LEs                  ; Yes        ; |ultrasonic|mux_n_to_8:GET_DATA|data_out[3]              ;
; 5:1                ; 8 bits    ; 24 LEs        ; 8 LEs                ; 16 LEs                 ; Yes        ; |ultrasonic|rx:GET_TX|data_o[0]                          ;
; 4:1                ; 4 bits    ; 8 LEs         ; 4 LEs                ; 4 LEs                  ; Yes        ; |ultrasonic|LCD:LCD_BOX|COUNT_COUNTER_0[0]               ;
; 4:1                ; 7 bits    ; 14 LEs        ; 7 LEs                ; 7 LEs                  ; Yes        ; |ultrasonic|mux_n_to_8:GET_DATA|counter_number[1]        ;
; 5:1                ; 8 bits    ; 24 LEs        ; 8 LEs                ; 16 LEs                 ; Yes        ; |ultrasonic|echo:\SEND_DATA:0:SEND_DATA|data_out[5]      ;
; 5:1                ; 8 bits    ; 24 LEs        ; 8 LEs                ; 16 LEs                 ; Yes        ; |ultrasonic|echo:\SEND_DATA:1:SEND_DATA|data_out[6]      ;
; 5:1                ; 8 bits    ; 24 LEs        ; 8 LEs                ; 16 LEs                 ; Yes        ; |ultrasonic|echo:\SEND_DATA:2:SEND_DATA|data_out[6]      ;
; 6:1                ; 7 bits    ; 28 LEs        ; 7 LEs                ; 21 LEs                 ; Yes        ; |ultrasonic|tx:SEND_RX|shift_reg[1]                      ;
; 6:1                ; 3 bits    ; 12 LEs        ; 3 LEs                ; 9 LEs                  ; Yes        ; |ultrasonic|tx:SEND_RX|bit_counter[0]                    ;
; 6:1                ; 3 bits    ; 12 LEs        ; 3 LEs                ; 9 LEs                  ; Yes        ; |ultrasonic|rx:GET_TX|bit_counter[0]                     ;
; 6:1                ; 4 bits    ; 16 LEs        ; 4 LEs                ; 12 LEs                 ; Yes        ; |ultrasonic|LCD:LCD_BOX|COUNT_COUNTER_2[3]               ;
; 5:1                ; 2 bits    ; 6 LEs         ; 4 LEs                ; 2 LEs                  ; Yes        ; |ultrasonic|LCD:LCD_BOX|lcd16x2_ctrl:LCD|ptr[3]          ;
; 6:1                ; 13 bits   ; 52 LEs        ; 13 LEs               ; 39 LEs                 ; Yes        ; |ultrasonic|tx:SEND_RX|baudrate_counter[0]               ;
; 6:1                ; 13 bits   ; 52 LEs        ; 26 LEs               ; 26 LEs                 ; Yes        ; |ultrasonic|rx:GET_TX|baudrate_counter[2]                ;
; 8:1                ; 4 bits    ; 20 LEs        ; 4 LEs                ; 16 LEs                 ; Yes        ; |ultrasonic|LCD:LCD_BOX|COUNT_COUNTER_1[0]               ;
; 5:1                ; 3 bits    ; 9 LEs         ; 6 LEs                ; 3 LEs                  ; Yes        ; |ultrasonic|LCD:LCD_BOX|lcd16x2_ctrl:LCD|cnt[5]          ;
; 5:1                ; 2 bits    ; 6 LEs         ; 4 LEs                ; 2 LEs                  ; Yes        ; |ultrasonic|LCD:LCD_BOX|lcd16x2_ctrl:LCD|cnt[14]         ;
; 7:1                ; 5 bits    ; 20 LEs        ; 10 LEs               ; 10 LEs                 ; Yes        ; |ultrasonic|LCD:LCD_BOX|lcd16x2_ctrl:LCD|cnt[16]         ;
; 5:1                ; 3 bits    ; 9 LEs         ; 6 LEs                ; 3 LEs                  ; Yes        ; |ultrasonic|mux_n_to_8:GET_DATA|data_out[6]              ;
; 3:1                ; 7 bits    ; 14 LEs        ; 14 LEs               ; 0 LEs                  ; No         ; |ultrasonic|LCD:LCD_BOX|lcd16x2_ctrl:LCD|op_state        ;
; 7:1                ; 2 bits    ; 8 LEs         ; 6 LEs                ; 2 LEs                  ; No         ; |ultrasonic|mux_n_to_8:GET_DATA|state                    ;
; 8:1                ; 2 bits    ; 10 LEs        ; 6 LEs                ; 4 LEs                  ; No         ; |ultrasonic|rx:GET_TX|state                              ;
; 9:1                ; 4 bits    ; 24 LEs        ; 16 LEs               ; 8 LEs                  ; No         ; |ultrasonic|trigger:GEN_TRIGGER|state                    ;
; 10:1               ; 4 bits    ; 24 LEs        ; 16 LEs               ; 8 LEs                  ; No         ; |ultrasonic|tx:SEND_RX|state                             ;
; 10:1               ; 2 bits    ; 12 LEs        ; 6 LEs                ; 6 LEs                  ; No         ; |ultrasonic|rx:GET_TX|state                              ;
; 24:1               ; 3 bits    ; 48 LEs        ; 45 LEs               ; 3 LEs                  ; No         ; |ultrasonic|LCD:LCD_BOX|lcd16x2_ctrl:LCD|Selector6       ;
+--------------------+-----------+---------------+----------------------+------------------------+------------+----------------------------------------------------------+


+----------------------------------------------------------------------------+
; Parameter Settings for User Entity Instance: Top-level Entity: |ultrasonic ;
+-------------------+-------+------------------------------------------------+
; Parameter Name    ; Value ; Type                                           ;
+-------------------+-------+------------------------------------------------+
; number_ultrasonic ; 3     ; Signed Integer                                 ;
+-------------------+-------+------------------------------------------------+
Note: In order to hide this table in the UI and the text report file, please set the "Show Parameter Settings in Synthesis Report" option in "Analysis and Synthesis Settings -> More Settings" to "Off".


+--------------------------------------------------------+
; Parameter Settings for User Entity Instance: rx:GET_TX ;
+----------------+----------+----------------------------+
; Parameter Name ; Value    ; Type                       ;
+----------------+----------+----------------------------+
; SYSTEM_SPEED   ; 50000000 ; Signed Integer             ;
; BAUDRATE       ; 9600     ; Signed Integer             ;
+----------------+----------+----------------------------+
Note: In order to hide this table in the UI and the text report file, please set the "Show Parameter Settings in Synthesis Report" option in "Analysis and Synthesis Settings -> More Settings" to "Off".


+------------------------------------------------------------------+
; Parameter Settings for User Entity Instance: mux_n_to_8:GET_DATA ;
+-------------------+-------+--------------------------------------+
; Parameter Name    ; Value ; Type                                 ;
+-------------------+-------+--------------------------------------+
; number_ultrasonic ; 3     ; Signed Integer                       ;
+-------------------+-------+--------------------------------------+
Note: In order to hide this table in the UI and the text report file, please set the "Show Parameter Settings in Synthesis Report" option in "Analysis and Synthesis Settings -> More Settings" to "Off".


+---------------------------------------------------------+
; Parameter Settings for User Entity Instance: tx:SEND_RX ;
+----------------+----------+-----------------------------+
; Parameter Name ; Value    ; Type                        ;
+----------------+----------+-----------------------------+
; SYSTEM_SPEED   ; 50000000 ; Signed Integer              ;
; BAUDRATE       ; 9600     ; Signed Integer              ;
+----------------+----------+-----------------------------+
Note: In order to hide this table in the UI and the text report file, please set the "Show Parameter Settings in Synthesis Report" option in "Analysis and Synthesis Settings -> More Settings" to "Off".


+----------------------------------------------------------+
; Parameter Settings for User Entity Instance: LCD:LCD_BOX ;
+----------------+-------+---------------------------------+
; Parameter Name ; Value ; Type                            ;
+----------------+-------+---------------------------------+
; ultra_number   ; 3     ; Signed Integer                  ;
; clk_period_ns  ; 20    ; Signed Integer                  ;
+----------------+-------+---------------------------------+
Note: In order to hide this table in the UI and the text report file, please set the "Show Parameter Settings in Synthesis Report" option in "Analysis and Synthesis Settings -> More Settings" to "Off".


+---------------------------------------------------------------------------+
; Parameter Settings for User Entity Instance: LCD:LCD_BOX|lcd16x2_ctrl:LCD ;
+----------------+-------+--------------------------------------------------+
; Parameter Name ; Value ; Type                                             ;
+----------------+-------+--------------------------------------------------+
; clk_period_ns  ; 20    ; Signed Integer                                   ;
+----------------+-------+--------------------------------------------------+
Note: In order to hide this table in the UI and the text report file, please set the "Show Parameter Settings in Synthesis Report" option in "Analysis and Synthesis Settings -> More Settings" to "Off".


+----------------------------------------------------------+
; Port Connectivity Checks: "LCD:LCD_BOX|lcd16x2_ctrl:LCD" ;
+------------------------+-------+----------+--------------+
; Port                   ; Type  ; Severity ; Details      ;
+------------------------+-------+----------+--------------+
; line1_buffer[123..122] ; Input ; Info     ; Stuck at VCC ;
; line1_buffer[107..105] ; Input ; Info     ; Stuck at VCC ;
; line1_buffer[75..72]   ; Input ; Info     ; Stuck at VCC ;
; line1_buffer[59..57]   ; Input ; Info     ; Stuck at VCC ;
; line1_buffer[26..24]   ; Input ; Info     ; Stuck at VCC ;
; line1_buffer[11..10]   ; Input ; Info     ; Stuck at VCC ;
; line1_buffer[2..1]     ; Input ; Info     ; Stuck at VCC ;
; line1_buffer[125..124] ; Input ; Info     ; Stuck at GND ;
; line1_buffer[117..116] ; Input ; Info     ; Stuck at GND ;
; line1_buffer[114..113] ; Input ; Info     ; Stuck at GND ;
; line1_buffer[109..108] ; Input ; Info     ; Stuck at GND ;
; line1_buffer[104..103] ; Input ; Info     ; Stuck at GND ;
; line1_buffer[101..100] ; Input ; Info     ; Stuck at GND ;
; line1_buffer[98..97]   ; Input ; Info     ; Stuck at GND ;
; line1_buffer[91..87]   ; Input ; Info     ; Stuck at GND ;
; line1_buffer[83..82]   ; Input ; Info     ; Stuck at GND ;
; line1_buffer[80..79]   ; Input ; Info     ; Stuck at GND ;
; line1_buffer[77..76]   ; Input ; Info     ; Stuck at GND ;
; line1_buffer[69..68]   ; Input ; Info     ; Stuck at GND ;
; line1_buffer[64..62]   ; Input ; Info     ; Stuck at GND ;
; line1_buffer[56..54]   ; Input ; Info     ; Stuck at GND ;
; line1_buffer[52..47]   ; Input ; Info     ; Stuck at GND ;
; line1_buffer[45..44]   ; Input ; Info     ; Stuck at GND ;
; line1_buffer[42..39]   ; Input ; Info     ; Stuck at GND ;
; line1_buffer[37..36]   ; Input ; Info     ; Stuck at GND ;
; line1_buffer[34..33]   ; Input ; Info     ; Stuck at GND ;
; line1_buffer[29..27]   ; Input ; Info     ; Stuck at GND ;
; line1_buffer[21..20]   ; Input ; Info     ; Stuck at GND ;
; line1_buffer[18..15]   ; Input ; Info     ; Stuck at GND ;
; line1_buffer[13..12]   ; Input ; Info     ; Stuck at GND ;
; line1_buffer[9..7]     ; Input ; Info     ; Stuck at GND ;
; line1_buffer[127]      ; Input ; Info     ; Stuck at GND ;
; line1_buffer[126]      ; Input ; Info     ; Stuck at VCC ;
; line1_buffer[121]      ; Input ; Info     ; Stuck at GND ;
; line1_buffer[120]      ; Input ; Info     ; Stuck at VCC ;
; line1_buffer[119]      ; Input ; Info     ; Stuck at GND ;
; line1_buffer[118]      ; Input ; Info     ; Stuck at VCC ;
; line1_buffer[115]      ; Input ; Info     ; Stuck at VCC ;
; line1_buffer[112]      ; Input ; Info     ; Stuck at VCC ;
; line1_buffer[111]      ; Input ; Info     ; Stuck at GND ;
; line1_buffer[110]      ; Input ; Info     ; Stuck at VCC ;
; line1_buffer[102]      ; Input ; Info     ; Stuck at VCC ;
; line1_buffer[99]       ; Input ; Info     ; Stuck at VCC ;
; line1_buffer[96]       ; Input ; Info     ; Stuck at VCC ;
; line1_buffer[95]       ; Input ; Info     ; Stuck at GND ;
; line1_buffer[94]       ; Input ; Info     ; Stuck at VCC ;
; line1_buffer[93]       ; Input ; Info     ; Stuck at GND ;
; line1_buffer[92]       ; Input ; Info     ; Stuck at VCC ;
; line1_buffer[86]       ; Input ; Info     ; Stuck at VCC ;
; line1_buffer[85]       ; Input ; Info     ; Stuck at GND ;
; line1_buffer[84]       ; Input ; Info     ; Stuck at VCC ;
; line1_buffer[81]       ; Input ; Info     ; Stuck at VCC ;
; line1_buffer[78]       ; Input ; Info     ; Stuck at VCC ;
; line1_buffer[71]       ; Input ; Info     ; Stuck at GND ;
; line1_buffer[70]       ; Input ; Info     ; Stuck at VCC ;
; line1_buffer[67]       ; Input ; Info     ; Stuck at VCC ;
; line1_buffer[66]       ; Input ; Info     ; Stuck at GND ;
; line1_buffer[65]       ; Input ; Info     ; Stuck at VCC ;
; line1_buffer[61]       ; Input ; Info     ; Stuck at VCC ;
; line1_buffer[60]       ; Input ; Info     ; Stuck at GND ;
; line1_buffer[53]       ; Input ; Info     ; Stuck at VCC ;
; line1_buffer[46]       ; Input ; Info     ; Stuck at VCC ;
; line1_buffer[43]       ; Input ; Info     ; Stuck at VCC ;
; line1_buffer[38]       ; Input ; Info     ; Stuck at VCC ;
; line1_buffer[35]       ; Input ; Info     ; Stuck at VCC ;
; line1_buffer[32]       ; Input ; Info     ; Stuck at VCC ;
; line1_buffer[31]       ; Input ; Info     ; Stuck at GND ;
; line1_buffer[30]       ; Input ; Info     ; Stuck at VCC ;
; line1_buffer[23]       ; Input ; Info     ; Stuck at GND ;
; line1_buffer[22]       ; Input ; Info     ; Stuck at VCC ;
; line1_buffer[19]       ; Input ; Info     ; Stuck at VCC ;
; line1_buffer[14]       ; Input ; Info     ; Stuck at VCC ;
; line1_buffer[6]        ; Input ; Info     ; Stuck at VCC ;
; line1_buffer[5]        ; Input ; Info     ; Stuck at GND ;
; line1_buffer[4]        ; Input ; Info     ; Stuck at VCC ;
; line1_buffer[3]        ; Input ; Info     ; Stuck at GND ;
; line1_buffer[0]        ; Input ; Info     ; Stuck at GND ;
+------------------------+-------+----------+--------------+


+-------------------------------+
; Elapsed Time Per Partition    ;
+----------------+--------------+
; Partition Name ; Elapsed Time ;
+----------------+--------------+
; Top            ; 00:00:02     ;
+----------------+--------------+


+-------------------------------+
; Analysis & Synthesis Messages ;
+-------------------------------+
Info: *******************************************************************
Info: Running Quartus II 64-Bit Analysis & Synthesis
    Info: Version 13.1.0 Build 162 10/23/2013 SJ Web Edition
    Info: Processing started: Thu May 04 18:55:22 2017
Info: Command: quartus_map --read_settings_files=on --write_settings_files=off ultrasonic -c ultrasonic
Warning (20028): Parallel compilation is not licensed and has been disabled
Info (12021): Found 2 design units, including 1 entities, in source file lcd16x2_ctrl.vhd
    Info (12022): Found design unit 1: lcd16x2_ctrl-rtl
    Info (12023): Found entity 1: lcd16x2_ctrl
Info (12021): Found 2 design units, including 1 entities, in source file frequency_divider.vhd
    Info (12022): Found design unit 1: frequency_divider-behavioral
    Info (12023): Found entity 1: frequency_divider
Info (12021): Found 2 design units, including 1 entities, in source file buffer_count.vhd
    Info (12022): Found design unit 1: LCD-BEHAVIOR
    Info (12023): Found entity 1: LCD
Info (12021): Found 2 design units, including 1 entities, in source file mux_n_to_8.vhd
    Info (12022): Found design unit 1: mux_n_to_8-behave
    Info (12023): Found entity 1: mux_n_to_8
Info (12021): Found 2 design units, including 1 entities, in source file tx.vhd
    Info (12022): Found design unit 1: tx-behave
    Info (12023): Found entity 1: tx
Info (12021): Found 2 design units, including 1 entities, in source file rx.vhd
    Info (12022): Found design unit 1: rx-behave
    Info (12023): Found entity 1: rx
Info (12021): Found 2 design units, including 1 entities, in source file trigger.vhd
    Info (12022): Found design unit 1: trigger-behave
    Info (12023): Found entity 1: trigger
Info (12021): Found 2 design units, including 1 entities, in source file echo.vhd
    Info (12022): Found design unit 1: echo-behave
    Info (12023): Found entity 1: echo
Info (12021): Found 2 design units, including 1 entities, in source file ram.vhd
    Info (12022): Found design unit 1: ram-behave
    Info (12023): Found entity 1: ram
Info (12021): Found 2 design units, including 1 entities, in source file ultrasonic.vhd
    Info (12022): Found design unit 1: ultrasonic-behave
    Info (12023): Found entity 1: ultrasonic
Info (12127): Elaborating entity "ultrasonic" for the top level hierarchy
Info (12128): Elaborating entity "rx" for hierarchy "rx:GET_TX"
Info (12128): Elaborating entity "trigger" for hierarchy "trigger:GEN_TRIGGER"
Info (12128): Elaborating entity "echo" for hierarchy "echo:\SEND_DATA:0:SEND_DATA"
Info (12128): Elaborating entity "mux_n_to_8" for hierarchy "mux_n_to_8:GET_DATA"
Info (12128): Elaborating entity "tx" for hierarchy "tx:SEND_RX"
Info (12128): Elaborating entity "LCD" for hierarchy "LCD:LCD_BOX"
Info (12128): Elaborating entity "lcd16x2_ctrl" for hierarchy "LCD:LCD_BOX|lcd16x2_ctrl:LCD"
Info (12128): Elaborating entity "frequency_divider" for hierarchy "LCD:LCD_BOX|frequency_divider:DIVIDER"
Warning (13024): Output pins are stuck at VCC or GND
    Warning (13410): Pin "LCD_RW" is stuck at GND
Info (286030): Timing-Driven Synthesis is running
Info (16010): Generating hard_block partition "hard_block:auto_generated_inst"
    Info (16011): Adding 0 node(s), including 0 DDIO, 0 PLL, 0 transceiver and 0 LCELL
Info (21057): Implemented 644 device resources after synthesis - the final resource count might be different
    Info (21058): Implemented 6 input pins
    Info (21059): Implemented 10 output pins
    Info (21061): Implemented 628 logic cells
Info: Quartus II 64-Bit Analysis & Synthesis was successful. 0 errors, 3 warnings
    Info: Peak virtual memory: 560 megabytes
    Info: Processing ended: Thu May 04 18:55:29 2017
    Info: Elapsed time: 00:00:07
    Info: Total CPU time (on all processors): 00:00:03


